2025-03-26 16:15:12,226 [INFO] 启动漫画查看器应用程序
2025-03-26 16:15:12,252 [INFO] 初始化MangaManager
2025-03-26 16:15:12,252 [INFO] 尝试加载配置文件: manga_config.json
2025-03-26 16:15:12,253 [INFO] 从配置文件加载漫画目录: C:/Users/sheng/Downloads
2025-03-26 16:15:12,253 [INFO] 开始扫描漫画文件
2025-03-26 16:15:12,303 [WARNING] 无效的漫画文件（缺少作者或标题）: C:/Users/sheng/Downloads\[无毒汉化组] [ふじはん] 魔法少女メイと最期の夜 (二次元コミックマガジン 状態変化で絶望堕ち！Vol.1) [DL版].zip
2025-03-26 16:15:12,308 [WARNING] 无法加载漫画: C:/Users/sheng/Downloads\[无毒汉化组] [ふじはん] 魔法少女メイと最期の夜 (二次元コミックマガジン 状態変化で絶望堕ち！Vol.1) [DL版].zip
2025-03-26 16:15:12,309 [WARNING] 无效的漫画文件（缺少作者或标题）: C:/Users/sheng/Downloads\[雪ノ嵐.zip
2025-03-26 16:15:12,310 [WARNING] 无法加载漫画: C:/Users/sheng/Downloads\[雪ノ嵐.zip
2025-03-26 16:15:12,325 [WARNING] 无效的漫画文件（缺少作者或标题）: C:/Users/sheng/Downloads\manga\LUXsumildo~被暗算下药成为精神崩坏精灵肉便器的芙莉莲大人！（葬送的芙莉莲同人轮奸H·LC整合汉化组）.zip
2025-03-26 16:15:12,325 [WARNING] 无法加载漫画: C:/Users/sheng/Downloads\manga\LUXsumildo~被暗算下药成为精神崩坏精灵肉便器的芙莉莲大人！（葬送的芙莉莲同人轮奸H·LC整合汉化组）.zip
2025-03-26 16:15:12,421 [WARNING] 无效的漫画文件（缺少作者或标题）: C:/Users/sheng/Downloads\manga\2\[不咕鸟汉化组][史鬼匠人] 桜宮姉妹のネトラレ記録 [沈阳大街等你嗷出资汉化].zip
2025-03-26 16:15:12,421 [WARNING] 无法加载漫画: C:/Users/sheng/Downloads\manga\2\[不咕鸟汉化组][史鬼匠人] 桜宮姉妹のネトラレ記録 [沈阳大街等你嗷出资汉化].zip
2025-03-26 16:15:12,481 [WARNING] 无效的漫画文件（缺少作者或标题）: C:/Users/sheng/Downloads\manga\C105\horori·堕入海嗣触手炼狱的临光骑士（明日方舟同人H·LC整合汉化组）.zip
2025-03-26 16:15:12,481 [WARNING] 无法加载漫画: C:/Users/sheng/Downloads\manga\C105\horori·堕入海嗣触手炼狱的临光骑士（明日方舟同人H·LC整合汉化组）.zip
2025-03-26 16:15:12,481 [WARNING] 无效的漫画文件（缺少作者或标题）: C:/Users/sheng/Downloads\manga\C105\horori·沦为丘丘人泄欲肉便器的莫娜酱（原神同人H·LC整合汉化组）.zip
2025-03-26 16:15:12,482 [WARNING] 无法加载漫画: C:/Users/sheng/Downloads\manga\C105\horori·沦为丘丘人泄欲肉便器的莫娜酱（原神同人H·LC整合汉化组）.zip
2025-03-26 16:15:12,482 [WARNING] 无效的漫画文件（缺少作者或标题）: C:/Users/sheng/Downloads\manga\C105\horori·被催眠灌泡芙的高贵断罪皇女菲谢尔殿下（原神同人H·LC整合汉化组）.zip
2025-03-26 16:15:12,482 [WARNING] 无法加载漫画: C:/Users/sheng/Downloads\manga\C105\horori·被催眠灌泡芙的高贵断罪皇女菲谢尔殿下（原神同人H·LC整合汉化组）.zip
2025-03-26 16:15:12,483 [WARNING] 无效的漫画文件（缺少作者或标题）: C:/Users/sheng/Downloads\manga\C105\horori·陷入丰胸榨乳陷阱的小胡桃（原神同人H）.zip
2025-03-26 16:15:12,483 [WARNING] 无法加载漫画: C:/Users/sheng/Downloads\manga\C105\horori·陷入丰胸榨乳陷阱的小胡桃（原神同人H）.zip
2025-03-26 16:15:12,547 [WARNING] 无效的漫画文件（缺少作者或标题）: C:/Users/sheng/Downloads\manga\manga\（lsc5）红蒂.zip
2025-03-26 16:15:12,547 [WARNING] 无法加载漫画: C:/Users/sheng/Downloads\manga\manga\（lsc5）红蒂.zip
2025-03-26 16:15:12,555 [WARNING] 无效的漫画文件（缺少作者或标题）: C:/Users/sheng/Downloads\manga\不老不死\不老不死少女の苗床旅行記10.1.zip
2025-03-26 16:15:12,555 [WARNING] 无法加载漫画: C:/Users/sheng/Downloads\manga\不老不死\不老不死少女の苗床旅行記10.1.zip
2025-03-26 16:15:12,555 [WARNING] 无效的漫画文件（缺少作者或标题）: C:/Users/sheng/Downloads\manga\不老不死\不老不死少女の苗床旅行記10.2.zip
2025-03-26 16:15:12,556 [WARNING] 无法加载漫画: C:/Users/sheng/Downloads\manga\不老不死\不老不死少女の苗床旅行記10.2.zip
2025-03-26 16:15:12,556 [WARNING] 无效的漫画文件（缺少作者或标题）: C:/Users/sheng/Downloads\manga\不老不死\不老不死少女の苗床旅行記9.1.zip
2025-03-26 16:15:12,556 [WARNING] 无法加载漫画: C:/Users/sheng/Downloads\manga\不老不死\不老不死少女の苗床旅行記9.1.zip
2025-03-26 16:15:12,557 [WARNING] 无效的漫画文件（缺少作者或标题）: C:/Users/sheng/Downloads\manga\不老不死\不老不死少女の苗床旅行記9.2.zip
2025-03-26 16:15:12,557 [WARNING] 无法加载漫画: C:/Users/sheng/Downloads\manga\不老不死\不老不死少女の苗床旅行記9.2.zip
2025-03-26 16:15:12,571 [WARNING] 无效的漫画文件（缺少作者或标题）: C:/Users/sheng/Downloads\タクロヲ堂\［タクロヲ］魔法少女、堕ちる。(変身美少女大ピンチ、悪堕ち絶頂アンソロジーコミック 4) [機手汉化] [DL版].zip
2025-03-26 16:15:12,571 [WARNING] 无法加载漫画: C:/Users/sheng/Downloads\タクロヲ堂\［タクロヲ］魔法少女、堕ちる。(変身美少女大ピンチ、悪堕ち絶頂アンソロジーコミック 4) [機手汉化] [DL版].zip
2025-03-26 16:15:12,573 [WARNING] 无效的漫画文件（缺少作者或标题）: C:/Users/sheng/Downloads\珍緑\新建文件夹\［タクロヲ］魔法少女、堕ちる。(変身美少女大ピンチ、悪堕ち絶頂アンソロジーコミック 4) [機手汉化] [DL版].zip
2025-03-26 16:15:12,574 [WARNING] 无法加载漫画: C:/Users/sheng/Downloads\珍緑\新建文件夹\［タクロヲ］魔法少女、堕ちる。(変身美少女大ピンチ、悪堕ち絶頂アンソロジーコミック 4) [機手汉化] [DL版].zip
2025-03-26 16:15:12,574 [INFO] 扫描完成，成功加载 475 本漫画，共 1003 个标签
2025-03-26 16:15:12,574 [INFO] MangaManager初始化完成，当前目录: C:/Users/sheng/Downloads, 漫画数量: 475
2025-03-26 16:15:12,589 [INFO] 开始设置UI界面
2025-03-26 16:15:12,590 [INFO] 当前按钮样式表: #66d3db
2025-03-26 16:15:12,973 [INFO] MangaViewer初始化完成
2025-03-26 16:15:14,925 [INFO] 开始更新标签按钮
2025-03-26 16:15:14,925 [INFO] 标签按钮更新完成，显示了 4 个标签
2025-03-26 16:15:15,492 [INFO] 选择标签: 平台:同人CG集
2025-03-26 16:15:15,492 [INFO] 开始按标签过滤漫画，过滤标签: ['平台:同人CG集']
2025-03-26 16:15:15,492 [INFO] 过滤完成，从 475 本漫画中筛选出 1 本
2025-03-26 16:15:15,493 [INFO] 开始更新漫画列表
2025-03-26 16:15:15,495 [INFO] 漫画列表更新完成，共 1 项
2025-03-26 16:15:16,253 [INFO] 选择漫画，索引: 0
2025-03-26 16:15:18,856 [INFO] 选择漫画，索引: 0
2025-03-26 16:15:19,223 [INFO] 选择漫画，索引: 0
2025-03-26 16:15:19,772 [INFO] 选择漫画，索引: 0
2025-03-26 16:16:10,125 [INFO] 程序关闭，保存配置
2025-03-26 16:16:10,125 [INFO] 保存配置到文件: manga_config.json
2025-03-26 16:16:10,126 [INFO] 配置保存成功
2025-03-26 16:16:10,126 [INFO] 配置保存完成，程序退出
2025-03-26 16:16:11,995 [INFO] 启动漫画查看器应用程序
2025-03-26 16:16:12,008 [INFO] 初始化MangaManager
2025-03-26 16:16:12,008 [INFO] 尝试加载配置文件: manga_config.json
2025-03-26 16:16:12,009 [INFO] 从配置文件加载漫画目录: C:/Users/sheng/Downloads
2025-03-26 16:16:12,009 [INFO] 开始扫描漫画文件
2025-03-26 16:16:12,032 [WARNING] 无效的漫画文件（缺少作者或标题）: C:/Users/sheng/Downloads\[无毒汉化组] [ふじはん] 魔法少女メイと最期の夜 (二次元コミックマガジン 状態変化で絶望堕ち！Vol.1) [DL版].zip
2025-03-26 16:16:12,032 [WARNING] 无法加载漫画: C:/Users/sheng/Downloads\[无毒汉化组] [ふじはん] 魔法少女メイと最期の夜 (二次元コミックマガジン 状態変化で絶望堕ち！Vol.1) [DL版].zip
2025-03-26 16:16:12,033 [WARNING] 无效的漫画文件（缺少作者或标题）: C:/Users/sheng/Downloads\[雪ノ嵐.zip
2025-03-26 16:16:12,033 [WARNING] 无法加载漫画: C:/Users/sheng/Downloads\[雪ノ嵐.zip
2025-03-26 16:16:12,042 [WARNING] 无效的漫画文件（缺少作者或标题）: C:/Users/sheng/Downloads\manga\LUXsumildo~被暗算下药成为精神崩坏精灵肉便器的芙莉莲大人！（葬送的芙莉莲同人轮奸H·LC整合汉化组）.zip
2025-03-26 16:16:12,042 [WARNING] 无法加载漫画: C:/Users/sheng/Downloads\manga\LUXsumildo~被暗算下药成为精神崩坏精灵肉便器的芙莉莲大人！（葬送的芙莉莲同人轮奸H·LC整合汉化组）.zip
2025-03-26 16:16:12,086 [WARNING] 无效的漫画文件（缺少作者或标题）: C:/Users/sheng/Downloads\manga\2\[不咕鸟汉化组][史鬼匠人] 桜宮姉妹のネトラレ記録 [沈阳大街等你嗷出资汉化].zip
2025-03-26 16:16:12,087 [WARNING] 无法加载漫画: C:/Users/sheng/Downloads\manga\2\[不咕鸟汉化组][史鬼匠人] 桜宮姉妹のネトラレ記録 [沈阳大街等你嗷出资汉化].zip
2025-03-26 16:16:12,122 [WARNING] 无效的漫画文件（缺少作者或标题）: C:/Users/sheng/Downloads\manga\C105\horori·堕入海嗣触手炼狱的临光骑士（明日方舟同人H·LC整合汉化组）.zip
2025-03-26 16:16:12,122 [WARNING] 无法加载漫画: C:/Users/sheng/Downloads\manga\C105\horori·堕入海嗣触手炼狱的临光骑士（明日方舟同人H·LC整合汉化组）.zip
2025-03-26 16:16:12,123 [WARNING] 无效的漫画文件（缺少作者或标题）: C:/Users/sheng/Downloads\manga\C105\horori·沦为丘丘人泄欲肉便器的莫娜酱（原神同人H·LC整合汉化组）.zip
2025-03-26 16:16:12,123 [WARNING] 无法加载漫画: C:/Users/sheng/Downloads\manga\C105\horori·沦为丘丘人泄欲肉便器的莫娜酱（原神同人H·LC整合汉化组）.zip
2025-03-26 16:16:12,123 [WARNING] 无效的漫画文件（缺少作者或标题）: C:/Users/sheng/Downloads\manga\C105\horori·被催眠灌泡芙的高贵断罪皇女菲谢尔殿下（原神同人H·LC整合汉化组）.zip
2025-03-26 16:16:12,123 [WARNING] 无法加载漫画: C:/Users/sheng/Downloads\manga\C105\horori·被催眠灌泡芙的高贵断罪皇女菲谢尔殿下（原神同人H·LC整合汉化组）.zip
2025-03-26 16:16:12,124 [WARNING] 无效的漫画文件（缺少作者或标题）: C:/Users/sheng/Downloads\manga\C105\horori·陷入丰胸榨乳陷阱的小胡桃（原神同人H）.zip
2025-03-26 16:16:12,124 [WARNING] 无法加载漫画: C:/Users/sheng/Downloads\manga\C105\horori·陷入丰胸榨乳陷阱的小胡桃（原神同人H）.zip
2025-03-26 16:16:12,179 [WARNING] 无效的漫画文件（缺少作者或标题）: C:/Users/sheng/Downloads\manga\manga\（lsc5）红蒂.zip
2025-03-26 16:16:12,179 [WARNING] 无法加载漫画: C:/Users/sheng/Downloads\manga\manga\（lsc5）红蒂.zip
2025-03-26 16:16:12,185 [WARNING] 无效的漫画文件（缺少作者或标题）: C:/Users/sheng/Downloads\manga\不老不死\不老不死少女の苗床旅行記10.1.zip
2025-03-26 16:16:12,185 [WARNING] 无法加载漫画: C:/Users/sheng/Downloads\manga\不老不死\不老不死少女の苗床旅行記10.1.zip
2025-03-26 16:16:12,185 [WARNING] 无效的漫画文件（缺少作者或标题）: C:/Users/sheng/Downloads\manga\不老不死\不老不死少女の苗床旅行記10.2.zip
2025-03-26 16:16:12,185 [WARNING] 无法加载漫画: C:/Users/sheng/Downloads\manga\不老不死\不老不死少女の苗床旅行記10.2.zip
2025-03-26 16:16:12,186 [WARNING] 无效的漫画文件（缺少作者或标题）: C:/Users/sheng/Downloads\manga\不老不死\不老不死少女の苗床旅行記9.1.zip
2025-03-26 16:16:12,186 [WARNING] 无法加载漫画: C:/Users/sheng/Downloads\manga\不老不死\不老不死少女の苗床旅行記9.1.zip
2025-03-26 16:16:12,186 [WARNING] 无效的漫画文件（缺少作者或标题）: C:/Users/sheng/Downloads\manga\不老不死\不老不死少女の苗床旅行記9.2.zip
2025-03-26 16:16:12,187 [WARNING] 无法加载漫画: C:/Users/sheng/Downloads\manga\不老不死\不老不死少女の苗床旅行記9.2.zip
2025-03-26 16:16:12,195 [WARNING] 无效的漫画文件（缺少作者或标题）: C:/Users/sheng/Downloads\タクロヲ堂\［タクロヲ］魔法少女、堕ちる。(変身美少女大ピンチ、悪堕ち絶頂アンソロジーコミック 4) [機手汉化] [DL版].zip
2025-03-26 16:16:12,195 [WARNING] 无法加载漫画: C:/Users/sheng/Downloads\タクロヲ堂\［タクロヲ］魔法少女、堕ちる。(変身美少女大ピンチ、悪堕ち絶頂アンソロジーコミック 4) [機手汉化] [DL版].zip
2025-03-26 16:16:12,198 [WARNING] 无效的漫画文件（缺少作者或标题）: C:/Users/sheng/Downloads\珍緑\新建文件夹\［タクロヲ］魔法少女、堕ちる。(変身美少女大ピンチ、悪堕ち絶頂アンソロジーコミック 4) [機手汉化] [DL版].zip
2025-03-26 16:16:12,198 [WARNING] 无法加载漫画: C:/Users/sheng/Downloads\珍緑\新建文件夹\［タクロヲ］魔法少女、堕ちる。(変身美少女大ピンチ、悪堕ち絶頂アンソロジーコミック 4) [機手汉化] [DL版].zip
2025-03-26 16:16:12,198 [INFO] 扫描完成，成功加载 475 本漫画，共 1003 个标签
2025-03-26 16:16:12,198 [INFO] MangaManager初始化完成，当前目录: C:/Users/sheng/Downloads, 漫画数量: 475
2025-03-26 16:16:12,214 [INFO] 开始设置UI界面
2025-03-26 16:16:12,214 [INFO] 当前按钮样式表: #66d3db
2025-03-26 16:16:12,533 [INFO] MangaViewer初始化完成
2025-03-26 16:16:32,847 [INFO] 程序关闭，保存配置
2025-03-26 16:16:32,847 [INFO] 保存配置到文件: manga_config.json
2025-03-26 16:16:32,848 [INFO] 配置保存成功
2025-03-26 16:16:32,848 [INFO] 配置保存完成，程序退出
2025-03-26 16:19:33,587 [INFO] 启动漫画查看器应用程序
2025-03-26 16:19:33,613 [INFO] 初始化MangaManager
2025-03-26 16:19:33,614 [INFO] 尝试加载配置文件: manga_config.json
2025-03-26 16:19:33,614 [INFO] 从配置文件加载漫画目录: C:/Users/sheng/Downloads
2025-03-26 16:19:33,614 [INFO] 开始扫描漫画文件
2025-03-26 16:19:33,656 [WARNING] 无效的漫画文件（缺少作者或标题）: C:/Users/sheng/Downloads\[无毒汉化组] [ふじはん] 魔法少女メイと最期の夜 (二次元コミックマガジン 状態変化で絶望堕ち！Vol.1) [DL版].zip
2025-03-26 16:19:33,656 [WARNING] 无法加载漫画: C:/Users/sheng/Downloads\[无毒汉化组] [ふじはん] 魔法少女メイと最期の夜 (二次元コミックマガジン 状態変化で絶望堕ち！Vol.1) [DL版].zip
2025-03-26 16:19:33,657 [WARNING] 无效的漫画文件（缺少作者或标题）: C:/Users/sheng/Downloads\[雪ノ嵐.zip
2025-03-26 16:19:33,658 [WARNING] 无法加载漫画: C:/Users/sheng/Downloads\[雪ノ嵐.zip
2025-03-26 16:19:33,672 [WARNING] 无效的漫画文件（缺少作者或标题）: C:/Users/sheng/Downloads\manga\LUXsumildo~被暗算下药成为精神崩坏精灵肉便器的芙莉莲大人！（葬送的芙莉莲同人轮奸H·LC整合汉化组）.zip
2025-03-26 16:19:33,673 [WARNING] 无法加载漫画: C:/Users/sheng/Downloads\manga\LUXsumildo~被暗算下药成为精神崩坏精灵肉便器的芙莉莲大人！（葬送的芙莉莲同人轮奸H·LC整合汉化组）.zip
2025-03-26 16:19:33,753 [WARNING] 无效的漫画文件（缺少作者或标题）: C:/Users/sheng/Downloads\manga\2\[不咕鸟汉化组][史鬼匠人] 桜宮姉妹のネトラレ記録 [沈阳大街等你嗷出资汉化].zip
2025-03-26 16:19:33,755 [WARNING] 无法加载漫画: C:/Users/sheng/Downloads\manga\2\[不咕鸟汉化组][史鬼匠人] 桜宮姉妹のネトラレ記録 [沈阳大街等你嗷出资汉化].zip
2025-03-26 16:19:33,826 [WARNING] 无效的漫画文件（缺少作者或标题）: C:/Users/sheng/Downloads\manga\C105\horori·堕入海嗣触手炼狱的临光骑士（明日方舟同人H·LC整合汉化组）.zip
2025-03-26 16:19:33,827 [WARNING] 无法加载漫画: C:/Users/sheng/Downloads\manga\C105\horori·堕入海嗣触手炼狱的临光骑士（明日方舟同人H·LC整合汉化组）.zip
2025-03-26 16:19:33,827 [WARNING] 无效的漫画文件（缺少作者或标题）: C:/Users/sheng/Downloads\manga\C105\horori·沦为丘丘人泄欲肉便器的莫娜酱（原神同人H·LC整合汉化组）.zip
2025-03-26 16:19:33,828 [WARNING] 无法加载漫画: C:/Users/sheng/Downloads\manga\C105\horori·沦为丘丘人泄欲肉便器的莫娜酱（原神同人H·LC整合汉化组）.zip
2025-03-26 16:19:33,828 [WARNING] 无效的漫画文件（缺少作者或标题）: C:/Users/sheng/Downloads\manga\C105\horori·被催眠灌泡芙的高贵断罪皇女菲谢尔殿下（原神同人H·LC整合汉化组）.zip
2025-03-26 16:19:33,828 [WARNING] 无法加载漫画: C:/Users/sheng/Downloads\manga\C105\horori·被催眠灌泡芙的高贵断罪皇女菲谢尔殿下（原神同人H·LC整合汉化组）.zip
2025-03-26 16:19:33,829 [WARNING] 无效的漫画文件（缺少作者或标题）: C:/Users/sheng/Downloads\manga\C105\horori·陷入丰胸榨乳陷阱的小胡桃（原神同人H）.zip
2025-03-26 16:19:33,829 [WARNING] 无法加载漫画: C:/Users/sheng/Downloads\manga\C105\horori·陷入丰胸榨乳陷阱的小胡桃（原神同人H）.zip
2025-03-26 16:19:33,903 [WARNING] 无效的漫画文件（缺少作者或标题）: C:/Users/sheng/Downloads\manga\manga\（lsc5）红蒂.zip
2025-03-26 16:19:33,903 [WARNING] 无法加载漫画: C:/Users/sheng/Downloads\manga\manga\（lsc5）红蒂.zip
2025-03-26 16:19:33,909 [WARNING] 无效的漫画文件（缺少作者或标题）: C:/Users/sheng/Downloads\manga\不老不死\不老不死少女の苗床旅行記10.1.zip
2025-03-26 16:19:33,909 [WARNING] 无法加载漫画: C:/Users/sheng/Downloads\manga\不老不死\不老不死少女の苗床旅行記10.1.zip
2025-03-26 16:19:33,910 [WARNING] 无效的漫画文件（缺少作者或标题）: C:/Users/sheng/Downloads\manga\不老不死\不老不死少女の苗床旅行記10.2.zip
2025-03-26 16:19:33,910 [WARNING] 无法加载漫画: C:/Users/sheng/Downloads\manga\不老不死\不老不死少女の苗床旅行記10.2.zip
2025-03-26 16:19:33,910 [WARNING] 无效的漫画文件（缺少作者或标题）: C:/Users/sheng/Downloads\manga\不老不死\不老不死少女の苗床旅行記9.1.zip
2025-03-26 16:19:33,911 [WARNING] 无法加载漫画: C:/Users/sheng/Downloads\manga\不老不死\不老不死少女の苗床旅行記9.1.zip
2025-03-26 16:19:33,911 [WARNING] 无效的漫画文件（缺少作者或标题）: C:/Users/sheng/Downloads\manga\不老不死\不老不死少女の苗床旅行記9.2.zip
2025-03-26 16:19:33,911 [WARNING] 无法加载漫画: C:/Users/sheng/Downloads\manga\不老不死\不老不死少女の苗床旅行記9.2.zip
2025-03-26 16:19:33,921 [WARNING] 无效的漫画文件（缺少作者或标题）: C:/Users/sheng/Downloads\タクロヲ堂\［タクロヲ］魔法少女、堕ちる。(変身美少女大ピンチ、悪堕ち絶頂アンソロジーコミック 4) [機手汉化] [DL版].zip
2025-03-26 16:19:33,921 [WARNING] 无法加载漫画: C:/Users/sheng/Downloads\タクロヲ堂\［タクロヲ］魔法少女、堕ちる。(変身美少女大ピンチ、悪堕ち絶頂アンソロジーコミック 4) [機手汉化] [DL版].zip
2025-03-26 16:19:33,925 [WARNING] 无效的漫画文件（缺少作者或标题）: C:/Users/sheng/Downloads\珍緑\新建文件夹\［タクロヲ］魔法少女、堕ちる。(変身美少女大ピンチ、悪堕ち絶頂アンソロジーコミック 4) [機手汉化] [DL版].zip
2025-03-26 16:19:33,925 [WARNING] 无法加载漫画: C:/Users/sheng/Downloads\珍緑\新建文件夹\［タクロヲ］魔法少女、堕ちる。(変身美少女大ピンチ、悪堕ち絶頂アンソロジーコミック 4) [機手汉化] [DL版].zip
2025-03-26 16:19:33,925 [INFO] 扫描完成，成功加载 475 本漫画，共 1003 个标签
2025-03-26 16:19:33,926 [INFO] MangaManager初始化完成，当前目录: C:/Users/sheng/Downloads, 漫画数量: 475
2025-03-26 16:19:33,942 [INFO] 开始设置UI界面
2025-03-26 16:19:33,943 [INFO] 当前按钮样式表: #66d3db
2025-03-26 16:23:03,163 [INFO] 启动漫画查看器应用程序
2025-03-26 16:23:03,185 [INFO] 初始化MangaManager
2025-03-26 16:23:03,185 [INFO] 尝试加载配置文件: manga_config.json
2025-03-26 16:23:03,185 [INFO] 从配置文件加载漫画目录: C:/Users/sheng/Downloads
2025-03-26 16:23:03,187 [INFO] 开始扫描漫画文件
2025-03-26 16:23:03,229 [WARNING] 无效的漫画文件（缺少作者或标题）: C:/Users/sheng/Downloads\[无毒汉化组] [ふじはん] 魔法少女メイと最期の夜 (二次元コミックマガジン 状態変化で絶望堕ち！Vol.1) [DL版].zip
2025-03-26 16:23:03,235 [WARNING] 无法加载漫画: C:/Users/sheng/Downloads\[无毒汉化组] [ふじはん] 魔法少女メイと最期の夜 (二次元コミックマガジン 状態変化で絶望堕ち！Vol.1) [DL版].zip
2025-03-26 16:23:03,261 [WARNING] 无效的漫画文件（缺少作者或标题）: C:/Users/sheng/Downloads\[雪ノ嵐.zip
2025-03-26 16:23:03,267 [WARNING] 无法加载漫画: C:/Users/sheng/Downloads\[雪ノ嵐.zip
2025-03-26 16:23:03,291 [WARNING] 无效的漫画文件（缺少作者或标题）: C:/Users/sheng/Downloads\manga\LUXsumildo~被暗算下药成为精神崩坏精灵肉便器的芙莉莲大人！（葬送的芙莉莲同人轮奸H·LC整合汉化组）.zip
2025-03-26 16:23:03,296 [WARNING] 无法加载漫画: C:/Users/sheng/Downloads\manga\LUXsumildo~被暗算下药成为精神崩坏精灵肉便器的芙莉莲大人！（葬送的芙莉莲同人轮奸H·LC整合汉化组）.zip
2025-03-26 16:23:03,419 [WARNING] 无效的漫画文件（缺少作者或标题）: C:/Users/sheng/Downloads\manga\2\[不咕鸟汉化组][史鬼匠人] 桜宮姉妹のネトラレ記録 [沈阳大街等你嗷出资汉化].zip
2025-03-26 16:23:03,422 [WARNING] 无法加载漫画: C:/Users/sheng/Downloads\manga\2\[不咕鸟汉化组][史鬼匠人] 桜宮姉妹のネトラレ記録 [沈阳大街等你嗷出资汉化].zip
2025-03-26 16:23:03,489 [WARNING] 无效的漫画文件（缺少作者或标题）: C:/Users/sheng/Downloads\manga\C105\horori·堕入海嗣触手炼狱的临光骑士（明日方舟同人H·LC整合汉化组）.zip
2025-03-26 16:23:03,490 [WARNING] 无法加载漫画: C:/Users/sheng/Downloads\manga\C105\horori·堕入海嗣触手炼狱的临光骑士（明日方舟同人H·LC整合汉化组）.zip
2025-03-26 16:23:03,492 [WARNING] 无效的漫画文件（缺少作者或标题）: C:/Users/sheng/Downloads\manga\C105\horori·沦为丘丘人泄欲肉便器的莫娜酱（原神同人H·LC整合汉化组）.zip
2025-03-26 16:23:03,492 [WARNING] 无法加载漫画: C:/Users/sheng/Downloads\manga\C105\horori·沦为丘丘人泄欲肉便器的莫娜酱（原神同人H·LC整合汉化组）.zip
2025-03-26 16:23:03,493 [WARNING] 无效的漫画文件（缺少作者或标题）: C:/Users/sheng/Downloads\manga\C105\horori·被催眠灌泡芙的高贵断罪皇女菲谢尔殿下（原神同人H·LC整合汉化组）.zip
2025-03-26 16:23:03,493 [WARNING] 无法加载漫画: C:/Users/sheng/Downloads\manga\C105\horori·被催眠灌泡芙的高贵断罪皇女菲谢尔殿下（原神同人H·LC整合汉化组）.zip
2025-03-26 16:23:03,494 [WARNING] 无效的漫画文件（缺少作者或标题）: C:/Users/sheng/Downloads\manga\C105\horori·陷入丰胸榨乳陷阱的小胡桃（原神同人H）.zip
2025-03-26 16:23:03,494 [WARNING] 无法加载漫画: C:/Users/sheng/Downloads\manga\C105\horori·陷入丰胸榨乳陷阱的小胡桃（原神同人H）.zip
2025-03-26 16:23:03,615 [WARNING] 无效的漫画文件（缺少作者或标题）: C:/Users/sheng/Downloads\manga\manga\（lsc5）红蒂.zip
2025-03-26 16:23:03,615 [WARNING] 无法加载漫画: C:/Users/sheng/Downloads\manga\manga\（lsc5）红蒂.zip
2025-03-26 16:23:03,626 [WARNING] 无效的漫画文件（缺少作者或标题）: C:/Users/sheng/Downloads\manga\不老不死\不老不死少女の苗床旅行記10.1.zip
2025-03-26 16:23:03,627 [WARNING] 无法加载漫画: C:/Users/sheng/Downloads\manga\不老不死\不老不死少女の苗床旅行記10.1.zip
2025-03-26 16:23:03,627 [WARNING] 无效的漫画文件（缺少作者或标题）: C:/Users/sheng/Downloads\manga\不老不死\不老不死少女の苗床旅行記10.2.zip
2025-03-26 16:23:03,628 [WARNING] 无法加载漫画: C:/Users/sheng/Downloads\manga\不老不死\不老不死少女の苗床旅行記10.2.zip
2025-03-26 16:23:03,629 [WARNING] 无效的漫画文件（缺少作者或标题）: C:/Users/sheng/Downloads\manga\不老不死\不老不死少女の苗床旅行記9.1.zip
2025-03-26 16:23:03,629 [WARNING] 无法加载漫画: C:/Users/sheng/Downloads\manga\不老不死\不老不死少女の苗床旅行記9.1.zip
2025-03-26 16:23:03,629 [WARNING] 无效的漫画文件（缺少作者或标题）: C:/Users/sheng/Downloads\manga\不老不死\不老不死少女の苗床旅行記9.2.zip
2025-03-26 16:23:03,630 [WARNING] 无法加载漫画: C:/Users/sheng/Downloads\manga\不老不死\不老不死少女の苗床旅行記9.2.zip
2025-03-26 16:23:03,647 [WARNING] 无效的漫画文件（缺少作者或标题）: C:/Users/sheng/Downloads\タクロヲ堂\［タクロヲ］魔法少女、堕ちる。(変身美少女大ピンチ、悪堕ち絶頂アンソロジーコミック 4) [機手汉化] [DL版].zip
2025-03-26 16:23:03,647 [WARNING] 无法加载漫画: C:/Users/sheng/Downloads\タクロヲ堂\［タクロヲ］魔法少女、堕ちる。(変身美少女大ピンチ、悪堕ち絶頂アンソロジーコミック 4) [機手汉化] [DL版].zip
2025-03-26 16:23:03,654 [WARNING] 无效的漫画文件（缺少作者或标题）: C:/Users/sheng/Downloads\珍緑\新建文件夹\［タクロヲ］魔法少女、堕ちる。(変身美少女大ピンチ、悪堕ち絶頂アンソロジーコミック 4) [機手汉化] [DL版].zip
2025-03-26 16:23:03,654 [WARNING] 无法加载漫画: C:/Users/sheng/Downloads\珍緑\新建文件夹\［タクロヲ］魔法少女、堕ちる。(変身美少女大ピンチ、悪堕ち絶頂アンソロジーコミック 4) [機手汉化] [DL版].zip
2025-03-26 16:23:03,657 [INFO] 扫描完成，成功加载 475 本漫画，共 1003 个标签
2025-03-26 16:23:03,658 [INFO] MangaManager初始化完成，当前目录: C:/Users/sheng/Downloads, 漫画数量: 475
2025-03-26 16:23:03,691 [INFO] 开始设置UI界面
2025-03-26 16:23:03,693 [INFO] 当前按钮样式表: #66d3db
2025-03-26 16:23:04,133 [INFO] MangaViewer初始化完成
2025-03-26 16:23:08,167 [INFO] 开始更新标签按钮
2025-03-26 16:23:08,172 [INFO] 标签按钮更新完成，显示了 51 个标签
2025-03-26 16:23:08,645 [INFO] 选择标签: 汉化:hhh个人汉化
2025-03-26 16:23:08,645 [INFO] 开始按标签过滤漫画，过滤标签: ['汉化:hhh个人汉化']
2025-03-26 16:23:08,646 [INFO] 过滤完成，从 475 本漫画中筛选出 2 本
2025-03-26 16:23:08,646 [INFO] 开始更新漫画列表
2025-03-26 16:23:08,648 [INFO] 漫画列表更新完成，共 2 项
2025-03-26 16:23:09,246 [INFO] 选择漫画，索引: 0
2025-03-26 16:23:15,939 [INFO] 选择标签: 汉化:中國翻譯
2025-03-26 16:23:15,939 [INFO] 开始按标签过滤漫画，过滤标签: ['汉化:中國翻譯']
2025-03-26 16:23:15,940 [INFO] 过滤完成，从 475 本漫画中筛选出 1 本
2025-03-26 16:23:15,940 [INFO] 开始更新漫画列表
2025-03-26 16:23:15,940 [INFO] 漫画列表更新完成，共 1 项
2025-03-26 16:23:16,433 [INFO] 选择标签: 汉化:中国翻译
2025-03-26 16:23:16,433 [INFO] 开始按标签过滤漫画，过滤标签: ['汉化:中国翻译']
2025-03-26 16:23:16,433 [INFO] 过滤完成，从 475 本漫画中筛选出 1 本
2025-03-26 16:23:16,434 [INFO] 开始更新漫画列表
2025-03-26 16:23:16,434 [INFO] 漫画列表更新完成，共 1 项
2025-03-26 16:23:16,821 [INFO] 选择标签: 汉化:不咕鸟汉化组
2025-03-26 16:23:16,822 [INFO] 开始按标签过滤漫画，过滤标签: ['汉化:不咕鸟汉化组']
2025-03-26 16:23:16,822 [INFO] 过滤完成，从 475 本漫画中筛选出 1 本
2025-03-26 16:23:16,822 [INFO] 开始更新漫画列表
2025-03-26 16:23:16,822 [INFO] 漫画列表更新完成，共 1 项
2025-03-26 16:23:17,612 [INFO] 选择漫画，索引: 0
2025-03-26 16:23:21,555 [INFO] 选择标签: 汉化:ivab自己貼字精緻修飾漢化版
2025-03-26 16:23:21,555 [INFO] 开始按标签过滤漫画，过滤标签: ['汉化:ivab自己貼字精緻修飾漢化版']
2025-03-26 16:23:21,555 [INFO] 过滤完成，从 475 本漫画中筛选出 1 本
2025-03-26 16:23:21,555 [INFO] 开始更新漫画列表
2025-03-26 16:23:21,556 [INFO] 漫画列表更新完成，共 1 项
2025-03-26 16:23:22,403 [INFO] 选择标签: 汉化:hhh个人汉化
2025-03-26 16:23:22,403 [INFO] 开始按标签过滤漫画，过滤标签: ['汉化:hhh个人汉化']
2025-03-26 16:23:22,404 [INFO] 过滤完成，从 475 本漫画中筛选出 2 本
2025-03-26 16:23:22,404 [INFO] 开始更新漫画列表
2025-03-26 16:23:22,404 [INFO] 漫画列表更新完成，共 2 项
2025-03-26 16:23:23,099 [INFO] 选择标签: 汉化:ivab自己貼字精緻修飾漢化版
2025-03-26 16:23:23,099 [INFO] 开始按标签过滤漫画，过滤标签: ['汉化:ivab自己貼字精緻修飾漢化版']
2025-03-26 16:23:23,100 [INFO] 过滤完成，从 475 本漫画中筛选出 1 本
2025-03-26 16:23:23,100 [INFO] 开始更新漫画列表
2025-03-26 16:23:23,101 [INFO] 漫画列表更新完成，共 1 项
2025-03-26 16:23:24,311 [INFO] 选择漫画，索引: 0
2025-03-26 16:23:26,476 [INFO] 选择标签: 汉化:なつかわ風音联合汉化
2025-03-26 16:23:26,476 [INFO] 开始按标签过滤漫画，过滤标签: ['汉化:なつかわ風音联合汉化']
2025-03-26 16:23:26,476 [INFO] 过滤完成，从 475 本漫画中筛选出 2 本
2025-03-26 16:23:26,477 [INFO] 开始更新漫画列表
2025-03-26 16:23:26,477 [INFO] 漫画列表更新完成，共 2 项
2025-03-26 16:23:27,428 [INFO] 选择漫画，索引: 1
2025-03-26 16:23:36,092 [INFO] 程序关闭，保存配置
2025-03-26 16:23:36,092 [INFO] 保存配置到文件: manga_config.json
2025-03-26 16:23:36,093 [INFO] 配置保存成功
2025-03-26 16:23:36,093 [INFO] 配置保存完成，程序退出
2025-03-26 16:24:00,728 [INFO] 启动漫画查看器应用程序
2025-03-26 16:24:00,740 [INFO] 初始化MangaManager
2025-03-26 16:24:00,740 [INFO] 尝试加载配置文件: manga_config.json
2025-03-26 16:24:00,741 [INFO] 从配置文件加载漫画目录: C:/Users/sheng/Downloads
2025-03-26 16:24:00,741 [INFO] 开始扫描漫画文件
2025-03-26 16:24:00,763 [WARNING] 无效的漫画文件（缺少作者或标题）: C:/Users/sheng/Downloads\[无毒汉化组] [ふじはん] 魔法少女メイと最期の夜 (二次元コミックマガジン 状態変化で絶望堕ち！Vol.1) [DL版].zip
2025-03-26 16:24:00,763 [WARNING] 无法加载漫画: C:/Users/sheng/Downloads\[无毒汉化组] [ふじはん] 魔法少女メイと最期の夜 (二次元コミックマガジン 状態変化で絶望堕ち！Vol.1) [DL版].zip
2025-03-26 16:24:00,764 [WARNING] 无效的漫画文件（缺少作者或标题）: C:/Users/sheng/Downloads\[雪ノ嵐.zip
2025-03-26 16:24:00,764 [WARNING] 无法加载漫画: C:/Users/sheng/Downloads\[雪ノ嵐.zip
2025-03-26 16:24:00,773 [WARNING] 无效的漫画文件（缺少作者或标题）: C:/Users/sheng/Downloads\manga\LUXsumildo~被暗算下药成为精神崩坏精灵肉便器的芙莉莲大人！（葬送的芙莉莲同人轮奸H·LC整合汉化组）.zip
2025-03-26 16:24:00,773 [WARNING] 无法加载漫画: C:/Users/sheng/Downloads\manga\LUXsumildo~被暗算下药成为精神崩坏精灵肉便器的芙莉莲大人！（葬送的芙莉莲同人轮奸H·LC整合汉化组）.zip
2025-03-26 16:24:00,821 [WARNING] 无效的漫画文件（缺少作者或标题）: C:/Users/sheng/Downloads\manga\2\[不咕鸟汉化组][史鬼匠人] 桜宮姉妹のネトラレ記録 [沈阳大街等你嗷出资汉化].zip
2025-03-26 16:24:00,822 [WARNING] 无法加载漫画: C:/Users/sheng/Downloads\manga\2\[不咕鸟汉化组][史鬼匠人] 桜宮姉妹のネトラレ記録 [沈阳大街等你嗷出资汉化].zip
2025-03-26 16:24:00,855 [WARNING] 无效的漫画文件（缺少作者或标题）: C:/Users/sheng/Downloads\manga\C105\horori·堕入海嗣触手炼狱的临光骑士（明日方舟同人H·LC整合汉化组）.zip
2025-03-26 16:24:00,855 [WARNING] 无法加载漫画: C:/Users/sheng/Downloads\manga\C105\horori·堕入海嗣触手炼狱的临光骑士（明日方舟同人H·LC整合汉化组）.zip
2025-03-26 16:24:00,855 [WARNING] 无效的漫画文件（缺少作者或标题）: C:/Users/sheng/Downloads\manga\C105\horori·沦为丘丘人泄欲肉便器的莫娜酱（原神同人H·LC整合汉化组）.zip
2025-03-26 16:24:00,855 [WARNING] 无法加载漫画: C:/Users/sheng/Downloads\manga\C105\horori·沦为丘丘人泄欲肉便器的莫娜酱（原神同人H·LC整合汉化组）.zip
2025-03-26 16:24:00,856 [WARNING] 无效的漫画文件（缺少作者或标题）: C:/Users/sheng/Downloads\manga\C105\horori·被催眠灌泡芙的高贵断罪皇女菲谢尔殿下（原神同人H·LC整合汉化组）.zip
2025-03-26 16:24:00,856 [WARNING] 无法加载漫画: C:/Users/sheng/Downloads\manga\C105\horori·被催眠灌泡芙的高贵断罪皇女菲谢尔殿下（原神同人H·LC整合汉化组）.zip
2025-03-26 16:24:00,856 [WARNING] 无效的漫画文件（缺少作者或标题）: C:/Users/sheng/Downloads\manga\C105\horori·陷入丰胸榨乳陷阱的小胡桃（原神同人H）.zip
2025-03-26 16:24:00,856 [WARNING] 无法加载漫画: C:/Users/sheng/Downloads\manga\C105\horori·陷入丰胸榨乳陷阱的小胡桃（原神同人H）.zip
2025-03-26 16:24:00,911 [WARNING] 无效的漫画文件（缺少作者或标题）: C:/Users/sheng/Downloads\manga\manga\（lsc5）红蒂.zip
2025-03-26 16:24:00,911 [WARNING] 无法加载漫画: C:/Users/sheng/Downloads\manga\manga\（lsc5）红蒂.zip
2025-03-26 16:24:00,917 [WARNING] 无效的漫画文件（缺少作者或标题）: C:/Users/sheng/Downloads\manga\不老不死\不老不死少女の苗床旅行記10.1.zip
2025-03-26 16:24:00,917 [WARNING] 无法加载漫画: C:/Users/sheng/Downloads\manga\不老不死\不老不死少女の苗床旅行記10.1.zip
2025-03-26 16:24:00,917 [WARNING] 无效的漫画文件（缺少作者或标题）: C:/Users/sheng/Downloads\manga\不老不死\不老不死少女の苗床旅行記10.2.zip
2025-03-26 16:24:00,918 [WARNING] 无法加载漫画: C:/Users/sheng/Downloads\manga\不老不死\不老不死少女の苗床旅行記10.2.zip
2025-03-26 16:24:00,918 [WARNING] 无效的漫画文件（缺少作者或标题）: C:/Users/sheng/Downloads\manga\不老不死\不老不死少女の苗床旅行記9.1.zip
2025-03-26 16:24:00,918 [WARNING] 无法加载漫画: C:/Users/sheng/Downloads\manga\不老不死\不老不死少女の苗床旅行記9.1.zip
2025-03-26 16:24:00,918 [WARNING] 无效的漫画文件（缺少作者或标题）: C:/Users/sheng/Downloads\manga\不老不死\不老不死少女の苗床旅行記9.2.zip
2025-03-26 16:24:00,919 [WARNING] 无法加载漫画: C:/Users/sheng/Downloads\manga\不老不死\不老不死少女の苗床旅行記9.2.zip
2025-03-26 16:24:00,927 [WARNING] 无效的漫画文件（缺少作者或标题）: C:/Users/sheng/Downloads\タクロヲ堂\［タクロヲ］魔法少女、堕ちる。(変身美少女大ピンチ、悪堕ち絶頂アンソロジーコミック 4) [機手汉化] [DL版].zip
2025-03-26 16:24:00,927 [WARNING] 无法加载漫画: C:/Users/sheng/Downloads\タクロヲ堂\［タクロヲ］魔法少女、堕ちる。(変身美少女大ピンチ、悪堕ち絶頂アンソロジーコミック 4) [機手汉化] [DL版].zip
2025-03-26 16:24:00,929 [WARNING] 无效的漫画文件（缺少作者或标题）: C:/Users/sheng/Downloads\珍緑\新建文件夹\［タクロヲ］魔法少女、堕ちる。(変身美少女大ピンチ、悪堕ち絶頂アンソロジーコミック 4) [機手汉化] [DL版].zip
2025-03-26 16:24:00,930 [WARNING] 无法加载漫画: C:/Users/sheng/Downloads\珍緑\新建文件夹\［タクロヲ］魔法少女、堕ちる。(変身美少女大ピンチ、悪堕ち絶頂アンソロジーコミック 4) [機手汉化] [DL版].zip
2025-03-26 16:24:00,930 [INFO] 扫描完成，成功加载 475 本漫画，共 1003 个标签
2025-03-26 16:24:00,930 [INFO] MangaManager初始化完成，当前目录: C:/Users/sheng/Downloads, 漫画数量: 475
2025-03-26 16:24:00,946 [INFO] 开始设置UI界面
2025-03-26 16:24:00,947 [INFO] 当前按钮样式表: #66d3db
2025-03-26 16:24:01,413 [INFO] MangaViewer初始化完成
2025-03-26 16:24:04,725 [INFO] 开始更新标签按钮
2025-03-26 16:24:04,726 [INFO] 标签按钮更新完成，显示了 4 个标签
2025-03-26 16:24:06,172 [INFO] 选择标签: 平台:秋葉原超同人祭
2025-03-26 16:24:06,173 [INFO] 开始按标签过滤漫画，过滤标签: ['平台:秋葉原超同人祭']
2025-03-26 16:24:06,173 [INFO] 过滤完成，从 475 本漫画中筛选出 1 本
2025-03-26 16:24:06,173 [INFO] 开始更新漫画列表
2025-03-26 16:24:06,175 [INFO] 漫画列表更新完成，共 1 项
2025-03-26 16:24:06,904 [INFO] 选择漫画，索引: 0
2025-03-26 16:24:13,710 [INFO] 程序关闭，保存配置
2025-03-26 16:24:13,711 [INFO] 保存配置到文件: manga_config.json
2025-03-26 16:24:13,712 [INFO] 配置保存成功
2025-03-26 16:24:13,712 [INFO] 配置保存完成，程序退出
2025-03-26 16:24:45,782 [INFO] 启动漫画查看器应用程序
2025-03-26 16:24:45,812 [INFO] 初始化MangaManager
2025-03-26 16:24:45,812 [INFO] 尝试加载配置文件: manga_config.json
2025-03-26 16:24:45,813 [INFO] 从配置文件加载漫画目录: C:/Users/sheng/Downloads
2025-03-26 16:24:45,813 [INFO] 开始扫描漫画文件
2025-03-26 16:24:45,855 [WARNING] 无效的漫画文件（缺少作者或标题）: C:/Users/sheng/Downloads\[无毒汉化组] [ふじはん] 魔法少女メイと最期の夜 (二次元コミックマガジン 状態変化で絶望堕ち！Vol.1) [DL版].zip
2025-03-26 16:24:45,859 [WARNING] 无法加载漫画: C:/Users/sheng/Downloads\[无毒汉化组] [ふじはん] 魔法少女メイと最期の夜 (二次元コミックマガジン 状態変化で絶望堕ち！Vol.1) [DL版].zip
2025-03-26 16:24:45,861 [WARNING] 无效的漫画文件（缺少作者或标题）: C:/Users/sheng/Downloads\[雪ノ嵐.zip
2025-03-26 16:24:45,862 [WARNING] 无法加载漫画: C:/Users/sheng/Downloads\[雪ノ嵐.zip
2025-03-26 16:24:45,883 [WARNING] 无效的漫画文件（缺少作者或标题）: C:/Users/sheng/Downloads\manga\LUXsumildo~被暗算下药成为精神崩坏精灵肉便器的芙莉莲大人！（葬送的芙莉莲同人轮奸H·LC整合汉化组）.zip
2025-03-26 16:24:45,885 [WARNING] 无法加载漫画: C:/Users/sheng/Downloads\manga\LUXsumildo~被暗算下药成为精神崩坏精灵肉便器的芙莉莲大人！（葬送的芙莉莲同人轮奸H·LC整合汉化组）.zip
2025-03-26 16:24:45,978 [WARNING] 无效的漫画文件（缺少作者或标题）: C:/Users/sheng/Downloads\manga\2\[不咕鸟汉化组][史鬼匠人] 桜宮姉妹のネトラレ記録 [沈阳大街等你嗷出资汉化].zip
2025-03-26 16:24:45,978 [WARNING] 无法加载漫画: C:/Users/sheng/Downloads\manga\2\[不咕鸟汉化组][史鬼匠人] 桜宮姉妹のネトラレ記録 [沈阳大街等你嗷出资汉化].zip
2025-03-26 16:24:46,046 [WARNING] 无效的漫画文件（缺少作者或标题）: C:/Users/sheng/Downloads\manga\C105\horori·堕入海嗣触手炼狱的临光骑士（明日方舟同人H·LC整合汉化组）.zip
2025-03-26 16:24:46,046 [WARNING] 无法加载漫画: C:/Users/sheng/Downloads\manga\C105\horori·堕入海嗣触手炼狱的临光骑士（明日方舟同人H·LC整合汉化组）.zip
2025-03-26 16:24:46,047 [WARNING] 无效的漫画文件（缺少作者或标题）: C:/Users/sheng/Downloads\manga\C105\horori·沦为丘丘人泄欲肉便器的莫娜酱（原神同人H·LC整合汉化组）.zip
2025-03-26 16:24:46,049 [WARNING] 无法加载漫画: C:/Users/sheng/Downloads\manga\C105\horori·沦为丘丘人泄欲肉便器的莫娜酱（原神同人H·LC整合汉化组）.zip
2025-03-26 16:24:46,049 [WARNING] 无效的漫画文件（缺少作者或标题）: C:/Users/sheng/Downloads\manga\C105\horori·被催眠灌泡芙的高贵断罪皇女菲谢尔殿下（原神同人H·LC整合汉化组）.zip
2025-03-26 16:24:46,050 [WARNING] 无法加载漫画: C:/Users/sheng/Downloads\manga\C105\horori·被催眠灌泡芙的高贵断罪皇女菲谢尔殿下（原神同人H·LC整合汉化组）.zip
2025-03-26 16:24:46,050 [WARNING] 无效的漫画文件（缺少作者或标题）: C:/Users/sheng/Downloads\manga\C105\horori·陷入丰胸榨乳陷阱的小胡桃（原神同人H）.zip
2025-03-26 16:24:46,051 [WARNING] 无法加载漫画: C:/Users/sheng/Downloads\manga\C105\horori·陷入丰胸榨乳陷阱的小胡桃（原神同人H）.zip
2025-03-26 16:24:46,147 [WARNING] 无效的漫画文件（缺少作者或标题）: C:/Users/sheng/Downloads\manga\manga\（lsc5）红蒂.zip
2025-03-26 16:24:46,148 [WARNING] 无法加载漫画: C:/Users/sheng/Downloads\manga\manga\（lsc5）红蒂.zip
2025-03-26 16:24:46,160 [WARNING] 无效的漫画文件（缺少作者或标题）: C:/Users/sheng/Downloads\manga\不老不死\不老不死少女の苗床旅行記10.1.zip
2025-03-26 16:24:46,161 [WARNING] 无法加载漫画: C:/Users/sheng/Downloads\manga\不老不死\不老不死少女の苗床旅行記10.1.zip
2025-03-26 16:24:46,162 [WARNING] 无效的漫画文件（缺少作者或标题）: C:/Users/sheng/Downloads\manga\不老不死\不老不死少女の苗床旅行記10.2.zip
2025-03-26 16:24:46,162 [WARNING] 无法加载漫画: C:/Users/sheng/Downloads\manga\不老不死\不老不死少女の苗床旅行記10.2.zip
2025-03-26 16:24:46,163 [WARNING] 无效的漫画文件（缺少作者或标题）: C:/Users/sheng/Downloads\manga\不老不死\不老不死少女の苗床旅行記9.1.zip
2025-03-26 16:24:46,163 [WARNING] 无法加载漫画: C:/Users/sheng/Downloads\manga\不老不死\不老不死少女の苗床旅行記9.1.zip
2025-03-26 16:24:46,165 [WARNING] 无效的漫画文件（缺少作者或标题）: C:/Users/sheng/Downloads\manga\不老不死\不老不死少女の苗床旅行記9.2.zip
2025-03-26 16:24:46,166 [WARNING] 无法加载漫画: C:/Users/sheng/Downloads\manga\不老不死\不老不死少女の苗床旅行記9.2.zip
2025-03-26 16:24:46,181 [WARNING] 无效的漫画文件（缺少作者或标题）: C:/Users/sheng/Downloads\タクロヲ堂\［タクロヲ］魔法少女、堕ちる。(変身美少女大ピンチ、悪堕ち絶頂アンソロジーコミック 4) [機手汉化] [DL版].zip
2025-03-26 16:24:46,181 [WARNING] 无法加载漫画: C:/Users/sheng/Downloads\タクロヲ堂\［タクロヲ］魔法少女、堕ちる。(変身美少女大ピンチ、悪堕ち絶頂アンソロジーコミック 4) [機手汉化] [DL版].zip
2025-03-26 16:24:46,184 [WARNING] 无效的漫画文件（缺少作者或标题）: C:/Users/sheng/Downloads\珍緑\新建文件夹\［タクロヲ］魔法少女、堕ちる。(変身美少女大ピンチ、悪堕ち絶頂アンソロジーコミック 4) [機手汉化] [DL版].zip
2025-03-26 16:24:46,184 [WARNING] 无法加载漫画: C:/Users/sheng/Downloads\珍緑\新建文件夹\［タクロヲ］魔法少女、堕ちる。(変身美少女大ピンチ、悪堕ち絶頂アンソロジーコミック 4) [機手汉化] [DL版].zip
2025-03-26 16:24:46,185 [INFO] 扫描完成，成功加载 475 本漫画，共 1003 个标签
2025-03-26 16:24:46,185 [INFO] MangaManager初始化完成，当前目录: C:/Users/sheng/Downloads, 漫画数量: 475
2025-03-26 16:24:46,208 [INFO] 开始设置UI界面
2025-03-26 16:24:46,209 [INFO] 当前按钮样式表: #66d3db
2025-03-26 16:24:46,601 [INFO] MangaViewer初始化完成
2025-03-26 16:25:43,332 [INFO] 程序关闭，保存配置
2025-03-26 16:25:43,333 [INFO] 保存配置到文件: manga_config.json
2025-03-26 16:25:43,333 [INFO] 配置保存成功
2025-03-26 16:25:43,333 [INFO] 配置保存完成，程序退出
2025-03-26 16:25:43,559 [INFO] 启动漫画查看器应用程序
2025-03-26 16:25:43,581 [INFO] 初始化MangaManager
2025-03-26 16:25:43,582 [INFO] 尝试加载配置文件: manga_config.json
2025-03-26 16:25:43,582 [INFO] 从配置文件加载漫画目录: C:/Users/sheng/Downloads
2025-03-26 16:25:43,582 [INFO] 开始扫描漫画文件
2025-03-26 16:25:43,613 [WARNING] 无效的漫画文件（缺少作者或标题）: C:/Users/sheng/Downloads\[无毒汉化组] [ふじはん] 魔法少女メイと最期の夜 (二次元コミックマガジン 状態変化で絶望堕ち！Vol.1) [DL版].zip
2025-03-26 16:25:43,613 [WARNING] 无法加载漫画: C:/Users/sheng/Downloads\[无毒汉化组] [ふじはん] 魔法少女メイと最期の夜 (二次元コミックマガジン 状態変化で絶望堕ち！Vol.1) [DL版].zip
2025-03-26 16:25:43,614 [WARNING] 无效的漫画文件（缺少作者或标题）: C:/Users/sheng/Downloads\[雪ノ嵐.zip
2025-03-26 16:25:43,615 [WARNING] 无法加载漫画: C:/Users/sheng/Downloads\[雪ノ嵐.zip
2025-03-26 16:25:43,624 [WARNING] 无效的漫画文件（缺少作者或标题）: C:/Users/sheng/Downloads\manga\LUXsumildo~被暗算下药成为精神崩坏精灵肉便器的芙莉莲大人！（葬送的芙莉莲同人轮奸H·LC整合汉化组）.zip
2025-03-26 16:25:43,625 [WARNING] 无法加载漫画: C:/Users/sheng/Downloads\manga\LUXsumildo~被暗算下药成为精神崩坏精灵肉便器的芙莉莲大人！（葬送的芙莉莲同人轮奸H·LC整合汉化组）.zip
2025-03-26 16:25:43,678 [WARNING] 无效的漫画文件（缺少作者或标题）: C:/Users/sheng/Downloads\manga\2\[不咕鸟汉化组][史鬼匠人] 桜宮姉妹のネトラレ記録 [沈阳大街等你嗷出资汉化].zip
2025-03-26 16:25:43,678 [WARNING] 无法加载漫画: C:/Users/sheng/Downloads\manga\2\[不咕鸟汉化组][史鬼匠人] 桜宮姉妹のネトラレ記録 [沈阳大街等你嗷出资汉化].zip
2025-03-26 16:25:43,722 [WARNING] 无效的漫画文件（缺少作者或标题）: C:/Users/sheng/Downloads\manga\C105\horori·堕入海嗣触手炼狱的临光骑士（明日方舟同人H·LC整合汉化组）.zip
2025-03-26 16:25:43,722 [WARNING] 无法加载漫画: C:/Users/sheng/Downloads\manga\C105\horori·堕入海嗣触手炼狱的临光骑士（明日方舟同人H·LC整合汉化组）.zip
2025-03-26 16:25:43,722 [WARNING] 无效的漫画文件（缺少作者或标题）: C:/Users/sheng/Downloads\manga\C105\horori·沦为丘丘人泄欲肉便器的莫娜酱（原神同人H·LC整合汉化组）.zip
2025-03-26 16:25:43,723 [WARNING] 无法加载漫画: C:/Users/sheng/Downloads\manga\C105\horori·沦为丘丘人泄欲肉便器的莫娜酱（原神同人H·LC整合汉化组）.zip
2025-03-26 16:25:43,723 [WARNING] 无效的漫画文件（缺少作者或标题）: C:/Users/sheng/Downloads\manga\C105\horori·被催眠灌泡芙的高贵断罪皇女菲谢尔殿下（原神同人H·LC整合汉化组）.zip
2025-03-26 16:25:43,723 [WARNING] 无法加载漫画: C:/Users/sheng/Downloads\manga\C105\horori·被催眠灌泡芙的高贵断罪皇女菲谢尔殿下（原神同人H·LC整合汉化组）.zip
2025-03-26 16:25:43,724 [WARNING] 无效的漫画文件（缺少作者或标题）: C:/Users/sheng/Downloads\manga\C105\horori·陷入丰胸榨乳陷阱的小胡桃（原神同人H）.zip
2025-03-26 16:25:43,724 [WARNING] 无法加载漫画: C:/Users/sheng/Downloads\manga\C105\horori·陷入丰胸榨乳陷阱的小胡桃（原神同人H）.zip
2025-03-26 16:25:43,792 [WARNING] 无效的漫画文件（缺少作者或标题）: C:/Users/sheng/Downloads\manga\manga\（lsc5）红蒂.zip
2025-03-26 16:25:43,792 [WARNING] 无法加载漫画: C:/Users/sheng/Downloads\manga\manga\（lsc5）红蒂.zip
2025-03-26 16:25:43,798 [WARNING] 无效的漫画文件（缺少作者或标题）: C:/Users/sheng/Downloads\manga\不老不死\不老不死少女の苗床旅行記10.1.zip
2025-03-26 16:25:43,799 [WARNING] 无法加载漫画: C:/Users/sheng/Downloads\manga\不老不死\不老不死少女の苗床旅行記10.1.zip
2025-03-26 16:25:43,799 [WARNING] 无效的漫画文件（缺少作者或标题）: C:/Users/sheng/Downloads\manga\不老不死\不老不死少女の苗床旅行記10.2.zip
2025-03-26 16:25:43,799 [WARNING] 无法加载漫画: C:/Users/sheng/Downloads\manga\不老不死\不老不死少女の苗床旅行記10.2.zip
2025-03-26 16:25:43,800 [WARNING] 无效的漫画文件（缺少作者或标题）: C:/Users/sheng/Downloads\manga\不老不死\不老不死少女の苗床旅行記9.1.zip
2025-03-26 16:25:43,800 [WARNING] 无法加载漫画: C:/Users/sheng/Downloads\manga\不老不死\不老不死少女の苗床旅行記9.1.zip
2025-03-26 16:25:43,801 [WARNING] 无效的漫画文件（缺少作者或标题）: C:/Users/sheng/Downloads\manga\不老不死\不老不死少女の苗床旅行記9.2.zip
2025-03-26 16:25:43,801 [WARNING] 无法加载漫画: C:/Users/sheng/Downloads\manga\不老不死\不老不死少女の苗床旅行記9.2.zip
2025-03-26 16:25:43,812 [WARNING] 无效的漫画文件（缺少作者或标题）: C:/Users/sheng/Downloads\タクロヲ堂\［タクロヲ］魔法少女、堕ちる。(変身美少女大ピンチ、悪堕ち絶頂アンソロジーコミック 4) [機手汉化] [DL版].zip
2025-03-26 16:25:43,812 [WARNING] 无法加载漫画: C:/Users/sheng/Downloads\タクロヲ堂\［タクロヲ］魔法少女、堕ちる。(変身美少女大ピンチ、悪堕ち絶頂アンソロジーコミック 4) [機手汉化] [DL版].zip
2025-03-26 16:25:43,815 [WARNING] 无效的漫画文件（缺少作者或标题）: C:/Users/sheng/Downloads\珍緑\新建文件夹\［タクロヲ］魔法少女、堕ちる。(変身美少女大ピンチ、悪堕ち絶頂アンソロジーコミック 4) [機手汉化] [DL版].zip
2025-03-26 16:25:43,815 [WARNING] 无法加载漫画: C:/Users/sheng/Downloads\珍緑\新建文件夹\［タクロヲ］魔法少女、堕ちる。(変身美少女大ピンチ、悪堕ち絶頂アンソロジーコミック 4) [機手汉化] [DL版].zip
2025-03-26 16:25:43,815 [INFO] 扫描完成，成功加载 475 本漫画，共 1003 个标签
2025-03-26 16:25:43,815 [INFO] MangaManager初始化完成，当前目录: C:/Users/sheng/Downloads, 漫画数量: 475
2025-03-26 16:25:43,832 [INFO] 开始设置UI界面
2025-03-26 16:25:43,832 [INFO] 当前按钮样式表: #66d3db
2025-03-26 16:25:44,196 [INFO] MangaViewer初始化完成
2025-03-26 16:25:48,774 [INFO] 开始更新标签按钮
2025-03-26 16:25:48,775 [INFO] 标签按钮更新完成，显示了 4 个标签
2025-03-26 16:25:49,651 [INFO] 选择标签: 平台:秋葉原超同人祭
2025-03-26 16:25:49,651 [INFO] 开始按标签过滤漫画，过滤标签: ['平台:秋葉原超同人祭']
2025-03-26 16:25:49,651 [INFO] 过滤完成，从 475 本漫画中筛选出 1 本
2025-03-26 16:25:49,652 [INFO] 开始更新漫画列表
2025-03-26 16:25:49,658 [INFO] 漫画列表更新完成，共 1 项
2025-03-26 16:25:50,506 [INFO] 选择漫画，索引: 0
2025-03-26 16:26:30,311 [INFO] 程序关闭，保存配置
2025-03-26 16:26:30,311 [INFO] 保存配置到文件: manga_config.json
2025-03-26 16:26:30,312 [INFO] 配置保存成功
2025-03-26 16:26:30,312 [INFO] 配置保存完成，程序退出
2025-03-26 16:26:58,319 [INFO] 启动漫画查看器应用程序
2025-03-26 16:26:58,337 [INFO] 初始化MangaManager
2025-03-26 16:26:58,337 [INFO] 尝试加载配置文件: manga_config.json
2025-03-26 16:26:58,337 [INFO] 从配置文件加载漫画目录: C:/Users/sheng/Downloads
2025-03-26 16:26:58,337 [INFO] 开始扫描漫画文件
2025-03-26 16:26:58,369 [WARNING] 无效的漫画文件（缺少作者或标题）: C:/Users/sheng/Downloads\[无毒汉化组] [ふじはん] 魔法少女メイと最期の夜 (二次元コミックマガジン 状態変化で絶望堕ち！Vol.1) [DL版].zip
2025-03-26 16:26:58,370 [WARNING] 无法加载漫画: C:/Users/sheng/Downloads\[无毒汉化组] [ふじはん] 魔法少女メイと最期の夜 (二次元コミックマガジン 状態変化で絶望堕ち！Vol.1) [DL版].zip
2025-03-26 16:26:58,371 [WARNING] 无效的漫画文件（缺少作者或标题）: C:/Users/sheng/Downloads\[雪ノ嵐.zip
2025-03-26 16:26:58,371 [WARNING] 无法加载漫画: C:/Users/sheng/Downloads\[雪ノ嵐.zip
2025-03-26 16:26:58,386 [WARNING] 无效的漫画文件（缺少作者或标题）: C:/Users/sheng/Downloads\manga\LUXsumildo~被暗算下药成为精神崩坏精灵肉便器的芙莉莲大人！（葬送的芙莉莲同人轮奸H·LC整合汉化组）.zip
2025-03-26 16:26:58,386 [WARNING] 无法加载漫画: C:/Users/sheng/Downloads\manga\LUXsumildo~被暗算下药成为精神崩坏精灵肉便器的芙莉莲大人！（葬送的芙莉莲同人轮奸H·LC整合汉化组）.zip
2025-03-26 16:26:58,440 [WARNING] 无效的漫画文件（缺少作者或标题）: C:/Users/sheng/Downloads\manga\2\[不咕鸟汉化组][史鬼匠人] 桜宮姉妹のネトラレ記録 [沈阳大街等你嗷出资汉化].zip
2025-03-26 16:26:58,440 [WARNING] 无法加载漫画: C:/Users/sheng/Downloads\manga\2\[不咕鸟汉化组][史鬼匠人] 桜宮姉妹のネトラレ記録 [沈阳大街等你嗷出资汉化].zip
2025-03-26 16:26:58,478 [WARNING] 无效的漫画文件（缺少作者或标题）: C:/Users/sheng/Downloads\manga\C105\horori·堕入海嗣触手炼狱的临光骑士（明日方舟同人H·LC整合汉化组）.zip
2025-03-26 16:26:58,478 [WARNING] 无法加载漫画: C:/Users/sheng/Downloads\manga\C105\horori·堕入海嗣触手炼狱的临光骑士（明日方舟同人H·LC整合汉化组）.zip
2025-03-26 16:26:58,478 [WARNING] 无效的漫画文件（缺少作者或标题）: C:/Users/sheng/Downloads\manga\C105\horori·沦为丘丘人泄欲肉便器的莫娜酱（原神同人H·LC整合汉化组）.zip
2025-03-26 16:26:58,479 [WARNING] 无法加载漫画: C:/Users/sheng/Downloads\manga\C105\horori·沦为丘丘人泄欲肉便器的莫娜酱（原神同人H·LC整合汉化组）.zip
2025-03-26 16:26:58,479 [WARNING] 无效的漫画文件（缺少作者或标题）: C:/Users/sheng/Downloads\manga\C105\horori·被催眠灌泡芙的高贵断罪皇女菲谢尔殿下（原神同人H·LC整合汉化组）.zip
2025-03-26 16:26:58,479 [WARNING] 无法加载漫画: C:/Users/sheng/Downloads\manga\C105\horori·被催眠灌泡芙的高贵断罪皇女菲谢尔殿下（原神同人H·LC整合汉化组）.zip
2025-03-26 16:26:58,480 [WARNING] 无效的漫画文件（缺少作者或标题）: C:/Users/sheng/Downloads\manga\C105\horori·陷入丰胸榨乳陷阱的小胡桃（原神同人H）.zip
2025-03-26 16:26:58,480 [WARNING] 无法加载漫画: C:/Users/sheng/Downloads\manga\C105\horori·陷入丰胸榨乳陷阱的小胡桃（原神同人H）.zip
2025-03-26 16:26:58,546 [WARNING] 无效的漫画文件（缺少作者或标题）: C:/Users/sheng/Downloads\manga\manga\（lsc5）红蒂.zip
2025-03-26 16:26:58,547 [WARNING] 无法加载漫画: C:/Users/sheng/Downloads\manga\manga\（lsc5）红蒂.zip
2025-03-26 16:26:58,552 [WARNING] 无效的漫画文件（缺少作者或标题）: C:/Users/sheng/Downloads\manga\不老不死\不老不死少女の苗床旅行記10.1.zip
2025-03-26 16:26:58,553 [WARNING] 无法加载漫画: C:/Users/sheng/Downloads\manga\不老不死\不老不死少女の苗床旅行記10.1.zip
2025-03-26 16:26:58,553 [WARNING] 无效的漫画文件（缺少作者或标题）: C:/Users/sheng/Downloads\manga\不老不死\不老不死少女の苗床旅行記10.2.zip
2025-03-26 16:26:58,553 [WARNING] 无法加载漫画: C:/Users/sheng/Downloads\manga\不老不死\不老不死少女の苗床旅行記10.2.zip
2025-03-26 16:26:58,554 [WARNING] 无效的漫画文件（缺少作者或标题）: C:/Users/sheng/Downloads\manga\不老不死\不老不死少女の苗床旅行記9.1.zip
2025-03-26 16:26:58,554 [WARNING] 无法加载漫画: C:/Users/sheng/Downloads\manga\不老不死\不老不死少女の苗床旅行記9.1.zip
2025-03-26 16:26:58,554 [WARNING] 无效的漫画文件（缺少作者或标题）: C:/Users/sheng/Downloads\manga\不老不死\不老不死少女の苗床旅行記9.2.zip
2025-03-26 16:26:58,554 [WARNING] 无法加载漫画: C:/Users/sheng/Downloads\manga\不老不死\不老不死少女の苗床旅行記9.2.zip
2025-03-26 16:26:58,564 [WARNING] 无效的漫画文件（缺少作者或标题）: C:/Users/sheng/Downloads\タクロヲ堂\［タクロヲ］魔法少女、堕ちる。(変身美少女大ピンチ、悪堕ち絶頂アンソロジーコミック 4) [機手汉化] [DL版].zip
2025-03-26 16:26:58,564 [WARNING] 无法加载漫画: C:/Users/sheng/Downloads\タクロヲ堂\［タクロヲ］魔法少女、堕ちる。(変身美少女大ピンチ、悪堕ち絶頂アンソロジーコミック 4) [機手汉化] [DL版].zip
2025-03-26 16:26:58,567 [WARNING] 无效的漫画文件（缺少作者或标题）: C:/Users/sheng/Downloads\珍緑\新建文件夹\［タクロヲ］魔法少女、堕ちる。(変身美少女大ピンチ、悪堕ち絶頂アンソロジーコミック 4) [機手汉化] [DL版].zip
2025-03-26 16:26:58,567 [WARNING] 无法加载漫画: C:/Users/sheng/Downloads\珍緑\新建文件夹\［タクロヲ］魔法少女、堕ちる。(変身美少女大ピンチ、悪堕ち絶頂アンソロジーコミック 4) [機手汉化] [DL版].zip
2025-03-26 16:26:58,567 [INFO] 扫描完成，成功加载 475 本漫画，共 1003 个标签
2025-03-26 16:26:58,567 [INFO] MangaManager初始化完成，当前目录: C:/Users/sheng/Downloads, 漫画数量: 475
2025-03-26 16:26:58,585 [INFO] 开始设置UI界面
2025-03-26 16:26:58,586 [INFO] 当前按钮样式表: #66d3db
2025-03-26 16:26:59,019 [INFO] MangaViewer初始化完成
2025-03-26 16:27:00,712 [INFO] 开始更新标签按钮
2025-03-26 16:27:00,727 [INFO] 标签按钮更新完成，显示了 239 个标签
2025-03-26 16:27:03,479 [INFO] 选择标签: 作者:いちき
2025-03-26 16:27:03,479 [INFO] 开始按标签过滤漫画，过滤标签: ['作者:いちき']
2025-03-26 16:27:03,479 [INFO] 过滤完成，从 475 本漫画中筛选出 2 本
2025-03-26 16:27:03,479 [INFO] 开始更新漫画列表
2025-03-26 16:27:03,483 [INFO] 漫画列表更新完成，共 2 项
2025-03-26 16:27:04,254 [INFO] 选择漫画，索引: 1
2025-03-26 16:27:05,770 [INFO] 选择漫画，索引: 0
2025-03-26 16:27:06,223 [INFO] 选择漫画，索引: 1
2025-03-26 16:27:06,866 [INFO] 选择漫画，索引: 1
2025-03-26 16:27:07,225 [INFO] 选择漫画，索引: 0
2025-03-26 16:27:17,986 [INFO] 程序关闭，保存配置
2025-03-26 16:27:17,987 [INFO] 保存配置到文件: manga_config.json
2025-03-26 16:27:17,987 [INFO] 配置保存成功
2025-03-26 16:27:17,987 [INFO] 配置保存完成，程序退出
